[INFO] Scanning for projects...
[WARNING] 
[WARNING] Some problems were encountered while building the effective model for com.savdev:jms2.0:jar:1.0.0-SNAPSHOT
[WARNING] 'build.plugins.plugin.version' for org.apache.maven.plugins:maven-resources-plugin is missing. @ line 78, column 21
[WARNING] 
[WARNING] It is highly recommended to fix these problems because they threaten the stability of your build.
[WARNING] 
[WARNING] For this reason, future Maven versions might no longer support building such malformed projects.
[WARNING] 
[INFO]                                                                         
[INFO] ------------------------------------------------------------------------
[INFO] Building jms2.0 1.0.0-SNAPSHOT
[INFO] ------------------------------------------------------------------------
[INFO] 
[INFO] --- maven-clean-plugin:2.4.1:clean (default-clean) @ jms2.0 ---
[INFO] Deleting /home/alexandr/projects/jms/jms2.0/target
[INFO] 
[INFO] --- maven-resources-plugin:2.5:resources (default-resources) @ jms2.0 ---
[debug] execute contextualize
[INFO] Using 'UTF-8' encoding to copy filtered resources.
[INFO] skip non existing resourceDirectory /home/alexandr/projects/jms/jms2.0/src/main/resources
[INFO] 
[INFO] --- maven-compiler-plugin:2.3.2:compile (default-compile) @ jms2.0 ---
[INFO] Compiling 7 source files to /home/alexandr/projects/jms/jms2.0/target/classes
[INFO] 
[INFO] --- maven-resources-plugin:2.5:testResources (default-testResources) @ jms2.0 ---
[debug] execute contextualize
[INFO] Using 'UTF-8' encoding to copy filtered resources.
[INFO] Copying 2 resources
[INFO] 
[INFO] --- maven-compiler-plugin:2.3.2:testCompile (default-testCompile) @ jms2.0 ---
[INFO] Compiling 1 source file to /home/alexandr/projects/jms/jms2.0/target/test-classes
[INFO] 
[INFO] --- maven-resources-plugin:2.5:copy-resources (copy-resources-as-config) @ jms2.0 ---
[debug] execute contextualize
[INFO] Using 'UTF-8' encoding to copy filtered resources.
[INFO] Copying 1 resource
[INFO] 
[INFO] --- maven-dependency-plugin:2.8:unpack (unpack) @ jms2.0 ---
[INFO] Configured Artifact: org.wildfly:wildfly-dist:8.2.1.Final:zip
[INFO] Unpacking /home/alexandr/.m2/repository/org/wildfly/wildfly-dist/8.2.1.Final/wildfly-dist-8.2.1.Final.zip to /home/alexandr/projects/jms/jms2.0/target with includes "" and excludes ""
[INFO] 
[INFO] --- maven-surefire-plugin:2.17:test (default-test) @ jms2.0 ---
[INFO] Surefire report directory: /home/alexandr/projects/jms/jms2.0/target/surefire-reports

-------------------------------------------------------
 T E S T S
-------------------------------------------------------

-------------------------------------------------------
 T E S T S
-------------------------------------------------------
Running com.savdev.PtpJmsTest
INFO  [org.jboss.as.arquillian.container.managed.ManagedDeployableContainer] Starting container with: [/usr/lib/jvm/java-8-oracle/bin/java, -Xmx512m, -XX:MaxPermSize=256m, -ea, -Djboss.home.dir=/home/alexandr/projects/jms/jms2.0/target/wildfly-8.2.1.Final, -Dorg.jboss.boot.log.file=/home/alexandr/projects/jms/jms2.0/target/wildfly-8.2.1.Final/standalone/log/server.log, -Dlogging.configuration=file:/home/alexandr/projects/jms/jms2.0/target/wildfly-8.2.1.Final/standalone/configuration/logging.properties, -Djboss.bundles.dir=/home/alexandr/projects/jms/jms2.0/target/wildfly-8.2.1.Final/bundles, -jar, /home/alexandr/projects/jms/jms2.0/target/wildfly-8.2.1.Final/jboss-modules.jar, -mp, /home/alexandr/projects/jms/jms2.0/target/wildfly-8.2.1.Final/modules, org.jboss.as.standalone, -server-config, standalone-full-test.xml]
Java HotSpot(TM) 64-Bit Server VM warning: ignoring option MaxPermSize=256m; support was removed in 8.0
INFO  [org.xnio] XNIO version 3.3.0.Final
INFO  [org.xnio.nio] XNIO NIO Implementation Version 3.3.0.Final
INFO  [org.jboss.remoting] JBoss Remoting version 4.0.7.Final
[0m09:05:39,388 INFO  [org.jboss.modules] (main) JBoss Modules version 1.3.3.Final
[0m[0m09:05:39,546 INFO  [org.jboss.msc] (main) JBoss MSC version 1.2.2.Final
[0m[0m09:05:39,613 INFO  [org.jboss.as] (MSC service thread 1-7) JBAS015899: WildFly 8.2.1.Final "Tweek" starting
[0m[0m09:05:40,683 INFO  [org.jboss.as.server] (Controller Boot Thread) JBAS015888: Creating http management service using socket-binding (management-http)
[0m[0m09:05:40,700 INFO  [org.xnio] (MSC service thread 1-6) XNIO version 3.3.0.Final
[0m[0m09:05:40,727 INFO  [org.xnio.nio] (MSC service thread 1-6) XNIO NIO Implementation Version 3.3.0.Final
[0m[0m09:05:40,777 INFO  [org.wildfly.extension.io] (ServerService Thread Pool -- 34) WFLYIO001: Worker 'default' has auto-configured to 8 core threads with 64 task threads based on your 4 available processors
[0m[0m09:05:40,803 INFO  [org.jboss.as.jacorb] (ServerService Thread Pool -- 36) JBAS016300: Activating JacORB Subsystem
[0m[0m09:05:40,809 INFO  [org.jboss.as.clustering.infinispan] (ServerService Thread Pool -- 35) JBAS010280: Activating Infinispan subsystem.
[0m[0m09:05:40,836 INFO  [org.jboss.as.jsf] (ServerService Thread Pool -- 42) JBAS012615: Activated the following JSF Implementations: [main]
[0m[0m09:05:40,857 INFO  [org.jboss.as.naming] (ServerService Thread Pool -- 46) JBAS011800: Activating Naming Subsystem
[0m[0m09:05:40,859 INFO  [org.jboss.as.security] (ServerService Thread Pool -- 51) JBAS013171: Activating Security Subsystem
[0m[33m09:05:40,861 WARN  [org.jboss.as.txn] (ServerService Thread Pool -- 52) JBAS010153: Node identifier property is set to the default value. Please make sure it is unique.
[0m[0m09:05:40,882 INFO  [org.jboss.as.security] (MSC service thread 1-3) JBAS013170: Current PicketBox version=4.0.21.Final
[0m[0m09:05:40,896 INFO  [org.jboss.as.connector.subsystems.datasources] (ServerService Thread Pool -- 30) JBAS010403: Deploying JDBC-compliant driver class org.h2.Driver (version 1.3)
[0m[0m09:05:40,912 INFO  [org.jboss.as.webservices] (ServerService Thread Pool -- 54) JBAS015537: Activating WebServices Extension
[0m[0m09:05:40,936 INFO  [org.jboss.remoting] (MSC service thread 1-6) JBoss Remoting version 4.0.7.Final
[0m[0m09:05:40,959 INFO  [org.jboss.as.connector.logging] (MSC service thread 1-4) JBAS010408: Starting JCA Subsystem (IronJacamar 1.1.9.Final)
[0m[0m09:05:40,975 INFO  [org.jboss.as.connector.deployers.jdbc] (MSC service thread 1-5) JBAS010417: Started Driver service with driver-name = h2
[0m[0m09:05:40,985 INFO  [org.wildfly.extension.undertow] (MSC service thread 1-2) JBAS017502: Undertow 1.1.8.Final starting
[0m[0m09:05:40,985 INFO  [org.wildfly.extension.undertow] (ServerService Thread Pool -- 53) JBAS017502: Undertow 1.1.8.Final starting
[0m[0m09:05:41,073 INFO  [org.jboss.as.naming] (MSC service thread 1-7) JBAS011802: Starting Naming Service
[0m[0m09:05:41,078 INFO  [org.jboss.as.mail.extension] (MSC service thread 1-1) JBAS015400: Bound mail session [java:jboss/mail/Default]
[0m[0m09:05:41,364 INFO  [org.wildfly.extension.undertow] (MSC service thread 1-6) JBAS017525: Started server default-server.
[0m[0m09:05:41,386 INFO  [org.wildfly.extension.undertow] (ServerService Thread Pool -- 53) JBAS017527: Creating file handler for path /home/alexandr/projects/jms/jms2.0/target/wildfly-8.2.1.Final/welcome-content
[0m[0m09:05:41,413 INFO  [org.wildfly.extension.undertow] (MSC service thread 1-4) JBAS017531: Host default-host starting
[0m[0m09:05:41,486 INFO  [org.wildfly.extension.undertow] (MSC service thread 1-6) JBAS017519: Undertow HTTP listener default listening on /127.0.0.1:10880
[0m[0m09:05:41,596 INFO  [org.jboss.as.jacorb] (MSC service thread 1-3) JBAS016330: CORBA ORB Service started
[0m[0m09:05:41,706 INFO  [org.jboss.as.server.deployment.scanner] (MSC service thread 1-2) JBAS015012: Started FileSystemDeploymentService for directory /home/alexandr/projects/jms/jms2.0/target/wildfly-8.2.1.Final/standalone/deployments
[0m[0m09:05:41,729 INFO  [org.hornetq.core.server] (ServerService Thread Pool -- 56) HQ221000: live server is starting with configuration HornetQ Configuration (clustered=false,backup=false,sharedStore=true,journalDirectory=/home/alexandr/projects/jms/jms2.0/target/wildfly-8.2.1.Final/standalone/data/messagingjournal,bindingsDirectory=/home/alexandr/projects/jms/jms2.0/target/wildfly-8.2.1.Final/standalone/data/messagingbindings,largeMessagesDirectory=/home/alexandr/projects/jms/jms2.0/target/wildfly-8.2.1.Final/standalone/data/messaginglargemessages,pagingDirectory=/home/alexandr/projects/jms/jms2.0/target/wildfly-8.2.1.Final/standalone/data/messagingpaging)
[0m[0m09:05:41,734 INFO  [org.hornetq.core.server] (ServerService Thread Pool -- 56) HQ221006: Waiting to obtain live lock
[0m[0m09:05:41,768 INFO  [org.jboss.as.connector.subsystems.datasources] (MSC service thread 1-3) JBAS010400: Bound data source [java:jboss/datasources/ExampleDS]
[0m[0m09:05:41,793 INFO  [org.jboss.as.jacorb] (MSC service thread 1-7) JBAS016328: CORBA Naming Service started
[0m[0m09:05:41,831 INFO  [org.hornetq.core.server] (ServerService Thread Pool -- 56) HQ221012: Using AIO Journal
[0m[0m09:05:41,957 INFO  [io.netty.util.internal.PlatformDependent] (ServerService Thread Pool -- 56) Your platform does not provide complete low-level API for accessing direct buffers reliably. Unless explicitly requested, heap buffer will always be preferred to avoid potential system unstability.
[0m[0m09:05:41,989 INFO  [org.jboss.ws.common.management] (MSC service thread 1-5) JBWS022052: Starting JBoss Web Services - Stack CXF Server 4.3.2.Final
[0m[0m09:05:42,001 INFO  [org.hornetq.core.server] (ServerService Thread Pool -- 56) HQ221043: Adding protocol support CORE
[0m[0m09:05:42,008 INFO  [org.hornetq.core.server] (ServerService Thread Pool -- 56) HQ221043: Adding protocol support AMQP
[0m[0m09:05:42,012 INFO  [org.hornetq.core.server] (ServerService Thread Pool -- 56) HQ221043: Adding protocol support STOMP
[0m[0m09:05:42,052 INFO  [org.hornetq.core.server] (ServerService Thread Pool -- 56) HQ221034: Waiting to obtain live lock
[0m[0m09:05:42,058 INFO  [org.hornetq.core.server] (ServerService Thread Pool -- 56) HQ221035: Live Server Obtained live lock
[0m[0m09:05:42,197 INFO  [org.jboss.messaging] (MSC service thread 1-3) JBAS011615: Registered HTTP upgrade for hornetq-remoting protocol handled by http-acceptor acceptor
[0m[0m09:05:42,197 INFO  [org.jboss.messaging] (MSC service thread 1-8) JBAS011615: Registered HTTP upgrade for hornetq-remoting protocol handled by http-acceptor-throughput acceptor
[0m[0m09:05:42,282 INFO  [org.hornetq.core.server] (ServerService Thread Pool -- 56) HQ221007: Server is now live
[0m[0m09:05:42,283 INFO  [org.hornetq.core.server] (ServerService Thread Pool -- 56) HQ221001: HornetQ Server version 2.4.5.FINAL (Wild Hornet, 124) [75aa474b-078f-11e6-866f-87bd16c4771c] 
[0m[0m09:05:42,285 INFO  [org.hornetq.core.server] (ServerService Thread Pool -- 57) HQ221003: trying to deploy queue jms.queue.ExpiryQueue4PtpAsyncMDbConsumer
[0m[0m09:05:42,347 INFO  [org.jboss.as.connector.deployment] (MSC service thread 1-6) JBAS010406: Registered connection factory java:/JmsXA
[0m[0m09:05:42,355 INFO  [org.jboss.as.messaging] (ServerService Thread Pool -- 57) JBAS011601: Bound messaging object to jndi name java:/jms/queue/ExpiryQueue4PtpAsyncMDbConsumer
[0m[0m09:05:42,373 INFO  [org.jboss.as.messaging] (ServerService Thread Pool -- 60) JBAS011601: Bound messaging object to jndi name java:jboss/exported/jms/RemoteConnectionFactory
[0m[0m09:05:42,376 INFO  [org.hornetq.core.server] (ServerService Thread Pool -- 59) HQ221003: trying to deploy queue jms.queue.DLQ
[0m[0m09:05:42,380 INFO  [org.jboss.as.messaging] (ServerService Thread Pool -- 59) JBAS011601: Bound messaging object to jndi name java:/jms/queue/DLQ
[0m[0m09:05:42,380 INFO  [org.hornetq.core.server] (ServerService Thread Pool -- 56) HQ221003: trying to deploy queue jms.queue.ExpiryQueue
[0m[0m09:05:42,384 INFO  [org.jboss.as.messaging] (ServerService Thread Pool -- 56) JBAS011601: Bound messaging object to jndi name java:/jms/queue/ExpiryQueue
[0m[0m09:05:42,385 INFO  [org.jboss.as.messaging] (ServerService Thread Pool -- 58) JBAS011601: Bound messaging object to jndi name java:/ConnectionFactory
[0m[0m09:05:42,404 INFO  [org.hornetq.ra] (MSC service thread 1-6) HornetQ resource adaptor started
[0m[0m09:05:42,404 INFO  [org.jboss.as.connector.services.resourceadapters.ResourceAdapterActivatorService$ResourceAdapterActivator] (MSC service thread 1-6) IJ020002: Deployed: file://RaActivatorhornetq-ra
[0m[0m09:05:42,407 INFO  [org.jboss.as.messaging] (MSC service thread 1-3) JBAS011601: Bound messaging object to jndi name java:jboss/DefaultJMSConnectionFactory
[0m[0m09:05:42,406 INFO  [org.jboss.as.connector.deployment] (MSC service thread 1-2) JBAS010401: Bound JCA ConnectionFactory [java:/JmsXA]
[0m[0m09:05:42,499 INFO  [org.jboss.as] (Controller Boot Thread) JBAS015961: Http management interface listening on http://127.0.0.1:19990/management
[0m[0m09:05:42,500 INFO  [org.jboss.as] (Controller Boot Thread) JBAS015951: Admin console listening on http://127.0.0.1:19990
[0m[0m09:05:42,500 INFO  [org.jboss.as] (Controller Boot Thread) JBAS015874: WildFly 8.2.1.Final "Tweek" started in 3392ms - Started 219 of 268 services (94 services are lazy, passive or on-demand)
[0mcd92764c-75b0-4808-9791-485ce763fefa.jar:
/com/
/com/savdev/
/com/savdev/consumers/
/com/savdev/consumers/PtpBlockingTimeoutConsumer2.class
/com/savdev/consumers/PtpAsynchronousMdbConsumer.class
/com/savdev/consumers/PtpBlockingTimeoutConsumer1.class
/com/savdev/consumers/PtpConsumerUsedAutomaticResourceDefinition.class
/com/savdev/producers/
/com/savdev/producers/PtpProducer4AsyncMdbConsumer.class
/com/savdev/producers/PtpProducer.class
/com/savdev/producers/PtpAutomaticResourceDefinitionProducer.class
/META-INF/
/META-INF/beans.xml
[0m09:05:43,213 INFO  [org.jboss.as.repository] (management-handler-thread - 1) JBAS014900: Content added at location /home/alexandr/projects/jms/jms2.0/target/wildfly-8.2.1.Final/standalone/data/content/9d/501d6e4bb94885ba454280ba43153ef9e242bd/content
[0m[0m09:05:43,230 INFO  [org.jboss.as.server.deployment] (MSC service thread 1-5) JBAS015876: Starting deployment of "test.war" (runtime-name: "test.war")
[0m[31m09:05:43,479 ERROR [org.jboss.msc.service.fail] (MSC service thread 1-6) MSC000001: Failed to start service jboss.deployment.unit."test.war".PARSE: org.jboss.msc.service.StartException in service jboss.deployment.unit."test.war".PARSE: JBAS018733: Failed to process phase PARSE of deployment "test.war"
	at org.jboss.as.server.deployment.DeploymentUnitPhaseService.start(DeploymentUnitPhaseService.java:166) [wildfly-server-8.2.1.Final.jar:8.2.1.Final]
	at org.jboss.msc.service.ServiceControllerImpl$StartTask.startService(ServiceControllerImpl.java:1948) [jboss-msc-1.2.2.Final.jar:1.2.2.Final]
	at org.jboss.msc.service.ServiceControllerImpl$StartTask.run(ServiceControllerImpl.java:1881) [jboss-msc-1.2.2.Final.jar:1.2.2.Final]
	at java.util.concurrent.ThreadPoolExecutor.runWorker(ThreadPoolExecutor.java:1142) [rt.jar:1.8.0_74]
	at java.util.concurrent.ThreadPoolExecutor$Worker.run(ThreadPoolExecutor.java:617) [rt.jar:1.8.0_74]
	at java.lang.Thread.run(Thread.java:745) [rt.jar:1.8.0_74]
Caused by: java.lang.ArrayIndexOutOfBoundsException: 1
	at org.jboss.as.messaging.deployment.MessagingJMSDefinitionAnnotationParser.processJMSConnectionFactoryDefinition(MessagingJMSDefinitionAnnotationParser.java:167)
	at org.jboss.as.messaging.deployment.MessagingJMSDefinitionAnnotationParser.deploy(MessagingJMSDefinitionAnnotationParser.java:117)
	at org.jboss.as.server.deployment.DeploymentUnitPhaseService.start(DeploymentUnitPhaseService.java:159) [wildfly-server-8.2.1.Final.jar:8.2.1.Final]
	... 5 more

[0m[31m09:05:43,484 ERROR [org.jboss.as.controller.management-operation] (management-handler-thread - 1) JBAS014613: Operation ("deploy") failed - address: ([("deployment" => "test.war")]) - failure description: {"JBAS014671: Failed services" => {"jboss.deployment.unit.\"test.war\".PARSE" => "org.jboss.msc.service.StartException in service jboss.deployment.unit.\"test.war\".PARSE: JBAS018733: Failed to process phase PARSE of deployment \"test.war\"
    Caused by: java.lang.ArrayIndexOutOfBoundsException: 1"}}
[0m[31m09:05:43,486 ERROR [org.jboss.as.server] (management-handler-thread - 1) JBAS015870: Deploy of deployment "test.war" was rolled back with the following failure message: 
{"JBAS014671: Failed services" => {"jboss.deployment.unit.\"test.war\".PARSE" => "org.jboss.msc.service.StartException in service jboss.deployment.unit.\"test.war\".PARSE: JBAS018733: Failed to process phase PARSE of deployment \"test.war\"
    Caused by: java.lang.ArrayIndexOutOfBoundsException: 1"}}
[0m[0m09:05:43,498 INFO  [org.jboss.as.server.deployment] (MSC service thread 1-2) JBAS015877: Stopped deployment test.war (runtime-name: test.war) in 11ms
[0m[0m09:05:43,499 INFO  [org.jboss.as.controller] (management-handler-thread - 1) JBAS014774: Service status report
JBAS014777:   Services which failed to start:      service jboss.deployment.unit."test.war".PARSE

[0mWARN  [org.jboss.as.arquillian.container.ArchiveDeployer] Cannot undeploy: test.war: org.jboss.as.controller.client.helpers.standalone.ServerDeploymentHelper$ServerDeploymentException: java.lang.Exception: "JBAS014807: Management resource '[(\"deployment\" => \"test.war\")]' not found"
	at org.jboss.as.controller.client.helpers.standalone.ServerDeploymentHelper.undeploy(ServerDeploymentHelper.java:114) [wildfly-controller-client-8.2.1.Final.jar:8.2.1.Final]
	at org.jboss.as.arquillian.container.ArchiveDeployer.undeploy(ArchiveDeployer.java:55) [wildfly-arquillian-common-8.2.1.Final.jar:8.2.1.Final]
	at org.jboss.as.arquillian.container.CommonDeployableContainer.undeploy(CommonDeployableContainer.java:152) [wildfly-arquillian-common-8.2.1.Final.jar:8.2.1.Final]
	at org.jboss.arquillian.container.impl.client.container.ContainerDeployController$4.call(ContainerDeployController.java:205) [arquillian-container-impl-base-1.1.8.Final.jar:1.1.8.Final]
	at org.jboss.arquillian.container.impl.client.container.ContainerDeployController$4.call(ContainerDeployController.java:185) [arquillian-container-impl-base-1.1.8.Final.jar:1.1.8.Final]
	at org.jboss.arquillian.container.impl.client.container.ContainerDeployController.executeOperation(ContainerDeployController.java:271) [arquillian-container-impl-base-1.1.8.Final.jar:1.1.8.Final]
	at org.jboss.arquillian.container.impl.client.container.ContainerDeployController.undeploy(ContainerDeployController.java:184) [arquillian-container-impl-base-1.1.8.Final.jar:1.1.8.Final]
	at sun.reflect.NativeMethodAccessorImpl.invoke0(Native Method) [rt.jar:1.8.0_74]
	at sun.reflect.NativeMethodAccessorImpl.invoke(NativeMethodAccessorImpl.java:62) [rt.jar:1.8.0_74]
	at sun.reflect.DelegatingMethodAccessorImpl.invoke(DelegatingMethodAccessorImpl.java:43) [rt.jar:1.8.0_74]
	at java.lang.reflect.Method.invoke(Method.java:498) [rt.jar:1.8.0_74]
	at org.jboss.arquillian.core.impl.ObserverImpl.invoke(ObserverImpl.java:94) [arquillian-core-impl-base-1.1.8.Final.jar:1.1.8.Final]
	at org.jboss.arquillian.core.impl.EventContextImpl.invokeObservers(EventContextImpl.java:99) [arquillian-core-impl-base-1.1.8.Final.jar:1.1.8.Final]
	at org.jboss.arquillian.core.impl.EventContextImpl.proceed(EventContextImpl.java:81) [arquillian-core-impl-base-1.1.8.Final.jar:1.1.8.Final]
	at org.jboss.arquillian.container.impl.client.ContainerDeploymentContextHandler.createDeploymentContext(ContainerDeploymentContextHandler.java:78) [arquillian-container-impl-base-1.1.8.Final.jar:1.1.8.Final]
	at sun.reflect.NativeMethodAccessorImpl.invoke0(Native Method) [rt.jar:1.8.0_74]
	at sun.reflect.NativeMethodAccessorImpl.invoke(NativeMethodAccessorImpl.java:62) [rt.jar:1.8.0_74]
	at sun.reflect.DelegatingMethodAccessorImpl.invoke(DelegatingMethodAccessorImpl.java:43) [rt.jar:1.8.0_74]
	at java.lang.reflect.Method.invoke(Method.java:498) [rt.jar:1.8.0_74]
	at org.jboss.arquillian.core.impl.ObserverImpl.invoke(ObserverImpl.java:94) [arquillian-core-impl-base-1.1.8.Final.jar:1.1.8.Final]
	at org.jboss.arquillian.core.impl.EventContextImpl.proceed(EventContextImpl.java:88) [arquillian-core-impl-base-1.1.8.Final.jar:1.1.8.Final]
	at org.jboss.arquillian.container.impl.client.ContainerDeploymentContextHandler.createContainerContext(ContainerDeploymentContextHandler.java:57) [arquillian-container-impl-base-1.1.8.Final.jar:1.1.8.Final]
	at sun.reflect.NativeMethodAccessorImpl.invoke0(Native Method) [rt.jar:1.8.0_74]
	at sun.reflect.NativeMethodAccessorImpl.invoke(NativeMethodAccessorImpl.java:62) [rt.jar:1.8.0_74]
	at sun.reflect.DelegatingMethodAccessorImpl.invoke(DelegatingMethodAccessorImpl.java:43) [rt.jar:1.8.0_74]
	at java.lang.reflect.Method.invoke(Method.java:498) [rt.jar:1.8.0_74]
	at org.jboss.arquillian.core.impl.ObserverImpl.invoke(ObserverImpl.java:94) [arquillian-core-impl-base-1.1.8.Final.jar:1.1.8.Final]
	at org.jboss.arquillian.core.impl.EventContextImpl.proceed(EventContextImpl.java:88) [arquillian-core-impl-base-1.1.8.Final.jar:1.1.8.Final]
	at org.jboss.arquillian.core.impl.ManagerImpl.fire(ManagerImpl.java:145) [arquillian-core-impl-base-1.1.8.Final.jar:1.1.8.Final]
	at org.jboss.arquillian.core.impl.ManagerImpl.fire(ManagerImpl.java:116) [arquillian-core-impl-base-1.1.8.Final.jar:1.1.8.Final]
	at org.jboss.arquillian.core.impl.EventImpl.fire(EventImpl.java:67) [arquillian-core-impl-base-1.1.8.Final.jar:1.1.8.Final]
	at org.jboss.arquillian.container.impl.client.container.ContainerDeployController$2.perform(ContainerDeployController.java:119) [arquillian-container-impl-base-1.1.8.Final.jar:1.1.8.Final]
	at org.jboss.arquillian.container.impl.client.container.ContainerDeployController$2.perform(ContainerDeployController.java:110) [arquillian-container-impl-base-1.1.8.Final.jar:1.1.8.Final]
	at org.jboss.arquillian.container.impl.client.container.ContainerDeployController.forEachDeployment(ContainerDeployController.java:263) [arquillian-container-impl-base-1.1.8.Final.jar:1.1.8.Final]
	at org.jboss.arquillian.container.impl.client.container.ContainerDeployController.forEachDeployedDeployment(ContainerDeployController.java:249) [arquillian-container-impl-base-1.1.8.Final.jar:1.1.8.Final]
	at org.jboss.arquillian.container.impl.client.container.ContainerDeployController.undeployManaged(ContainerDeployController.java:109) [arquillian-container-impl-base-1.1.8.Final.jar:1.1.8.Final]
	at sun.reflect.NativeMethodAccessorImpl.invoke0(Native Method) [rt.jar:1.8.0_74]
	at sun.reflect.NativeMethodAccessorImpl.invoke(NativeMethodAccessorImpl.java:62) [rt.jar:1.8.0_74]
	at sun.reflect.DelegatingMethodAccessorImpl.invoke(DelegatingMethodAccessorImpl.java:43) [rt.jar:1.8.0_74]
	at java.lang.reflect.Method.invoke(Method.java:498) [rt.jar:1.8.0_74]
	at org.jboss.arquillian.core.impl.ObserverImpl.invoke(ObserverImpl.java:94) [arquillian-core-impl-base-1.1.8.Final.jar:1.1.8.Final]
	at org.jboss.arquillian.core.impl.EventContextImpl.invokeObservers(EventContextImpl.java:99) [arquillian-core-impl-base-1.1.8.Final.jar:1.1.8.Final]
	at org.jboss.arquillian.core.impl.EventContextImpl.proceed(EventContextImpl.java:81) [arquillian-core-impl-base-1.1.8.Final.jar:1.1.8.Final]
	at org.jboss.arquillian.core.impl.ManagerImpl.fire(ManagerImpl.java:145) [arquillian-core-impl-base-1.1.8.Final.jar:1.1.8.Final]
	at org.jboss.arquillian.core.impl.ManagerImpl.fire(ManagerImpl.java:116) [arquillian-core-impl-base-1.1.8.Final.jar:1.1.8.Final]
	at org.jboss.arquillian.core.impl.EventImpl.fire(EventImpl.java:67) [arquillian-core-impl-base-1.1.8.Final.jar:1.1.8.Final]
	at org.jboss.arquillian.container.test.impl.client.ContainerEventController.execute(ContainerEventController.java:108) [arquillian-container-test-impl-base-1.1.8.Final.jar:1.1.8.Final]
	at sun.reflect.NativeMethodAccessorImpl.invoke0(Native Method) [rt.jar:1.8.0_74]
	at sun.reflect.NativeMethodAccessorImpl.invoke(NativeMethodAccessorImpl.java:62) [rt.jar:1.8.0_74]
	at sun.reflect.DelegatingMethodAccessorImpl.invoke(DelegatingMethodAccessorImpl.java:43) [rt.jar:1.8.0_74]
	at java.lang.reflect.Method.invoke(Method.java:498) [rt.jar:1.8.0_74]
	at org.jboss.arquillian.core.impl.ObserverImpl.invoke(ObserverImpl.java:94) [arquillian-core-impl-base-1.1.8.Final.jar:1.1.8.Final]
	at org.jboss.arquillian.core.impl.EventContextImpl.invokeObservers(EventContextImpl.java:99) [arquillian-core-impl-base-1.1.8.Final.jar:1.1.8.Final]
	at org.jboss.arquillian.core.impl.EventContextImpl.proceed(EventContextImpl.java:81) [arquillian-core-impl-base-1.1.8.Final.jar:1.1.8.Final]
	at org.jboss.arquillian.test.impl.TestContextHandler.createClassContext(TestContextHandler.java:92) [arquillian-test-impl-base-1.1.8.Final.jar:1.1.8.Final]
	at sun.reflect.NativeMethodAccessorImpl.invoke0(Native Method) [rt.jar:1.8.0_74]
	at sun.reflect.NativeMethodAccessorImpl.invoke(NativeMethodAccessorImpl.java:62) [rt.jar:1.8.0_74]
	at sun.reflect.DelegatingMethodAccessorImpl.invoke(DelegatingMethodAccessorImpl.java:43) [rt.jar:1.8.0_74]
	at java.lang.reflect.Method.invoke(Method.java:498) [rt.jar:1.8.0_74]
	at org.jboss.arquillian.core.impl.ObserverImpl.invoke(ObserverImpl.java:94) [arquillian-core-impl-base-1.1.8.Final.jar:1.1.8.Final]
	at org.jboss.arquillian.core.impl.EventContextImpl.proceed(EventContextImpl.java:88) [arquillian-core-impl-base-1.1.8.Final.jar:1.1.8.Final]
	at org.jboss.arquillian.test.impl.TestContextHandler.createSuiteContext(TestContextHandler.java:73) [arquillian-test-impl-base-1.1.8.Final.jar:1.1.8.Final]
	at sun.reflect.NativeMethodAccessorImpl.invoke0(Native Method) [rt.jar:1.8.0_74]
	at sun.reflect.NativeMethodAccessorImpl.invoke(NativeMethodAccessorImpl.java:62) [rt.jar:1.8.0_74]
	at sun.reflect.DelegatingMethodAccessorImpl.invoke(DelegatingMethodAccessorImpl.java:43) [rt.jar:1.8.0_74]
	at java.lang.reflect.Method.invoke(Method.java:498) [rt.jar:1.8.0_74]
	at org.jboss.arquillian.core.impl.ObserverImpl.invoke(ObserverImpl.java:94) [arquillian-core-impl-base-1.1.8.Final.jar:1.1.8.Final]
	at org.jboss.arquillian.core.impl.EventContextImpl.proceed(EventContextImpl.java:88) [arquillian-core-impl-base-1.1.8.Final.jar:1.1.8.Final]
	at org.jboss.arquillian.core.impl.ManagerImpl.fire(ManagerImpl.java:145) [arquillian-core-impl-base-1.1.8.Final.jar:1.1.8.Final]
	at org.jboss.arquillian.core.impl.ManagerImpl.fire(ManagerImpl.java:116) [arquillian-core-impl-base-1.1.8.Final.jar:1.1.8.Final]
	at org.jboss.arquillian.test.impl.EventTestRunnerAdaptor.afterClass(EventTestRunnerAdaptor.java:94) [arquillian-test-impl-base-1.1.8.Final.jar:1.1.8.Final]
	at org.jboss.arquillian.junit.Arquillian$3$1.evaluate(Arquillian.java:223) [arquillian-junit-core-1.1.8.Final.jar:1.1.8.Final]
	at org.jboss.arquillian.junit.Arquillian.multiExecute(Arquillian.java:422) [arquillian-junit-core-1.1.8.Final.jar:1.1.8.Final]
	at org.jboss.arquillian.junit.Arquillian.access$200(Arquillian.java:54) [arquillian-junit-core-1.1.8.Final.jar:1.1.8.Final]
	at org.jboss.arquillian.junit.Arquillian$3.evaluate(Arquillian.java:218) [arquillian-junit-core-1.1.8.Final.jar:1.1.8.Final]
	at org.junit.runners.ParentRunner.run(ParentRunner.java:363) [junit-4.12.jar:4.12]
	at org.jboss.arquillian.junit.Arquillian.run(Arquillian.java:166) [arquillian-junit-core-1.1.8.Final.jar:1.1.8.Final]
	at org.apache.maven.surefire.junit4.JUnit4Provider.execute(JUnit4Provider.java:264) [surefire-junit4-2.17.jar:2.17]
	at org.apache.maven.surefire.junit4.JUnit4Provider.executeTestSet(JUnit4Provider.java:153) [surefire-junit4-2.17.jar:2.17]
	at org.apache.maven.surefire.junit4.JUnit4Provider.invoke(JUnit4Provider.java:124) [surefire-junit4-2.17.jar:2.17]
	at org.apache.maven.surefire.booter.ForkedBooter.invokeProviderInSameClassLoader(ForkedBooter.java:200) [surefire-booter-2.17.jar:2.17]
	at org.apache.maven.surefire.booter.ForkedBooter.runSuitesInProcess(ForkedBooter.java:153) [surefire-booter-2.17.jar:2.17]
	at org.apache.maven.surefire.booter.ForkedBooter.main(ForkedBooter.java:103) [surefire-booter-2.17.jar:2.17]
Caused by: java.lang.Exception: "JBAS014807: Management resource '[(\"deployment\" => \"test.war\")]' not found"
	at org.jboss.as.controller.client.helpers.standalone.impl.ServerDeploymentPlanResultFuture.getActionResult(ServerDeploymentPlanResultFuture.java:134) [wildfly-controller-client-8.2.1.Final.jar:8.2.1.Final]
	at org.jboss.as.controller.client.helpers.standalone.impl.ServerDeploymentPlanResultFuture.getResultFromNode(ServerDeploymentPlanResultFuture.java:123) [wildfly-controller-client-8.2.1.Final.jar:8.2.1.Final]
	at org.jboss.as.controller.client.helpers.standalone.impl.ServerDeploymentPlanResultFuture.get(ServerDeploymentPlanResultFuture.java:85) [wildfly-controller-client-8.2.1.Final.jar:8.2.1.Final]
	at org.jboss.as.controller.client.helpers.standalone.impl.ServerDeploymentPlanResultFuture.get(ServerDeploymentPlanResultFuture.java:42) [wildfly-controller-client-8.2.1.Final.jar:8.2.1.Final]
	at org.jboss.as.controller.client.helpers.standalone.ServerDeploymentHelper.undeploy(ServerDeploymentHelper.java:107) [wildfly-controller-client-8.2.1.Final.jar:8.2.1.Final]
	... 82 more

Tests run: 1, Failures: 0, Errors: 1, Skipped: 0, Time elapsed: 5.128 sec <<< FAILURE! - in com.savdev.PtpJmsTest
com.savdev.PtpJmsTest  Time elapsed: 5.127 sec  <<< ERROR!
org.jboss.arquillian.container.spi.client.container.DeploymentException: Cannot deploy: test.war
	at org.jboss.as.arquillian.container.ArchiveDeployer.deployInternal(ArchiveDeployer.java:83)
	at org.jboss.as.arquillian.container.ArchiveDeployer.deployInternal(ArchiveDeployer.java:64)
	at org.jboss.as.arquillian.container.ArchiveDeployer.deploy(ArchiveDeployer.java:46)
	at org.jboss.as.arquillian.container.CommonDeployableContainer.deploy(CommonDeployableContainer.java:146)
	at org.jboss.arquillian.container.impl.client.container.ContainerDeployController$3.call(ContainerDeployController.java:161)
	at org.jboss.arquillian.container.impl.client.container.ContainerDeployController$3.call(ContainerDeployController.java:128)
	at org.jboss.arquillian.container.impl.client.container.ContainerDeployController.executeOperation(ContainerDeployController.java:271)
	at org.jboss.arquillian.container.impl.client.container.ContainerDeployController.deploy(ContainerDeployController.java:127)
	at sun.reflect.NativeMethodAccessorImpl.invoke0(Native Method)
	at sun.reflect.NativeMethodAccessorImpl.invoke(NativeMethodAccessorImpl.java:62)
	at sun.reflect.DelegatingMethodAccessorImpl.invoke(DelegatingMethodAccessorImpl.java:43)
	at java.lang.reflect.Method.invoke(Method.java:498)
	at org.jboss.arquillian.core.impl.ObserverImpl.invoke(ObserverImpl.java:94)
	at org.jboss.arquillian.core.impl.EventContextImpl.invokeObservers(EventContextImpl.java:99)
	at org.jboss.arquillian.core.impl.EventContextImpl.proceed(EventContextImpl.java:81)
	at org.jboss.arquillian.container.impl.client.ContainerDeploymentContextHandler.createDeploymentContext(ContainerDeploymentContextHandler.java:78)
	at sun.reflect.NativeMethodAccessorImpl.invoke0(Native Method)
	at sun.reflect.NativeMethodAccessorImpl.invoke(NativeMethodAccessorImpl.java:62)
	at sun.reflect.DelegatingMethodAccessorImpl.invoke(DelegatingMethodAccessorImpl.java:43)
	at java.lang.reflect.Method.invoke(Method.java:498)
	at org.jboss.arquillian.core.impl.ObserverImpl.invoke(ObserverImpl.java:94)
	at org.jboss.arquillian.core.impl.EventContextImpl.proceed(EventContextImpl.java:88)
	at org.jboss.arquillian.container.impl.client.ContainerDeploymentContextHandler.createContainerContext(ContainerDeploymentContextHandler.java:57)
	at sun.reflect.NativeMethodAccessorImpl.invoke0(Native Method)
	at sun.reflect.NativeMethodAccessorImpl.invoke(NativeMethodAccessorImpl.java:62)
	at sun.reflect.DelegatingMethodAccessorImpl.invoke(DelegatingMethodAccessorImpl.java:43)
	at java.lang.reflect.Method.invoke(Method.java:498)
	at org.jboss.arquillian.core.impl.ObserverImpl.invoke(ObserverImpl.java:94)
	at org.jboss.arquillian.core.impl.EventContextImpl.proceed(EventContextImpl.java:88)
	at org.jboss.arquillian.container.impl.client.container.DeploymentExceptionHandler.verifyExpectedExceptionDuringDeploy(DeploymentExceptionHandler.java:50)
	at sun.reflect.NativeMethodAccessorImpl.invoke0(Native Method)
	at sun.reflect.NativeMethodAccessorImpl.invoke(NativeMethodAccessorImpl.java:62)
	at sun.reflect.DelegatingMethodAccessorImpl.invoke(DelegatingMethodAccessorImpl.java:43)
	at java.lang.reflect.Method.invoke(Method.java:498)
	at org.jboss.arquillian.core.impl.ObserverImpl.invoke(ObserverImpl.java:94)
	at org.jboss.arquillian.core.impl.EventContextImpl.proceed(EventContextImpl.java:88)
	at org.jboss.arquillian.core.impl.ManagerImpl.fire(ManagerImpl.java:145)
	at org.jboss.arquillian.core.impl.ManagerImpl.fire(ManagerImpl.java:116)
	at org.jboss.arquillian.core.impl.EventImpl.fire(EventImpl.java:67)
	at org.jboss.arquillian.container.impl.client.container.ContainerDeployController$1.perform(ContainerDeployController.java:95)
	at org.jboss.arquillian.container.impl.client.container.ContainerDeployController$1.perform(ContainerDeployController.java:80)
	at org.jboss.arquillian.container.impl.client.container.ContainerDeployController.forEachDeployment(ContainerDeployController.java:263)
	at org.jboss.arquillian.container.impl.client.container.ContainerDeployController.forEachManagedDeployment(ContainerDeployController.java:239)
	at org.jboss.arquillian.container.impl.client.container.ContainerDeployController.deployManaged(ContainerDeployController.java:79)
	at sun.reflect.NativeMethodAccessorImpl.invoke0(Native Method)
	at sun.reflect.NativeMethodAccessorImpl.invoke(NativeMethodAccessorImpl.java:62)
	at sun.reflect.DelegatingMethodAccessorImpl.invoke(DelegatingMethodAccessorImpl.java:43)
	at java.lang.reflect.Method.invoke(Method.java:498)
	at org.jboss.arquillian.core.impl.ObserverImpl.invoke(ObserverImpl.java:94)
	at org.jboss.arquillian.core.impl.EventContextImpl.invokeObservers(EventContextImpl.java:99)
	at org.jboss.arquillian.core.impl.EventContextImpl.proceed(EventContextImpl.java:81)
	at org.jboss.arquillian.core.impl.ManagerImpl.fire(ManagerImpl.java:145)
	at org.jboss.arquillian.core.impl.ManagerImpl.fire(ManagerImpl.java:116)
	at org.jboss.arquillian.core.impl.EventImpl.fire(EventImpl.java:67)
	at org.jboss.arquillian.container.test.impl.client.ContainerEventController.execute(ContainerEventController.java:101)
	at sun.reflect.NativeMethodAccessorImpl.invoke0(Native Method)
	at sun.reflect.NativeMethodAccessorImpl.invoke(NativeMethodAccessorImpl.java:62)
	at sun.reflect.DelegatingMethodAccessorImpl.invoke(DelegatingMethodAccessorImpl.java:43)
	at java.lang.reflect.Method.invoke(Method.java:498)
	at org.jboss.arquillian.core.impl.ObserverImpl.invoke(ObserverImpl.java:94)
	at org.jboss.arquillian.core.impl.EventContextImpl.invokeObservers(EventContextImpl.java:99)
	at org.jboss.arquillian.core.impl.EventContextImpl.proceed(EventContextImpl.java:81)
	at org.jboss.arquillian.test.impl.TestContextHandler.createClassContext(TestContextHandler.java:92)
	at sun.reflect.NativeMethodAccessorImpl.invoke0(Native Method)
	at sun.reflect.NativeMethodAccessorImpl.invoke(NativeMethodAccessorImpl.java:62)
	at sun.reflect.DelegatingMethodAccessorImpl.invoke(DelegatingMethodAccessorImpl.java:43)
	at java.lang.reflect.Method.invoke(Method.java:498)
	at org.jboss.arquillian.core.impl.ObserverImpl.invoke(ObserverImpl.java:94)
	at org.jboss.arquillian.core.impl.EventContextImpl.proceed(EventContextImpl.java:88)
	at org.jboss.arquillian.test.impl.TestContextHandler.createSuiteContext(TestContextHandler.java:73)
	at sun.reflect.NativeMethodAccessorImpl.invoke0(Native Method)
	at sun.reflect.NativeMethodAccessorImpl.invoke(NativeMethodAccessorImpl.java:62)
	at sun.reflect.DelegatingMethodAccessorImpl.invoke(DelegatingMethodAccessorImpl.java:43)
	at java.lang.reflect.Method.invoke(Method.java:498)
	at org.jboss.arquillian.core.impl.ObserverImpl.invoke(ObserverImpl.java:94)
	at org.jboss.arquillian.core.impl.EventContextImpl.proceed(EventContextImpl.java:88)
	at org.jboss.arquillian.core.impl.ManagerImpl.fire(ManagerImpl.java:145)
	at org.jboss.arquillian.core.impl.ManagerImpl.fire(ManagerImpl.java:116)
	at org.jboss.arquillian.test.impl.EventTestRunnerAdaptor.beforeClass(EventTestRunnerAdaptor.java:87)
	at org.jboss.arquillian.junit.Arquillian$2.evaluate(Arquillian.java:201)
	at org.jboss.arquillian.junit.Arquillian.multiExecute(Arquillian.java:422)
	at org.jboss.arquillian.junit.Arquillian.access$200(Arquillian.java:54)
	at org.jboss.arquillian.junit.Arquillian$3.evaluate(Arquillian.java:218)
	at org.junit.runners.ParentRunner.run(ParentRunner.java:363)
	at org.jboss.arquillian.junit.Arquillian.run(Arquillian.java:166)
	at org.apache.maven.surefire.junit4.JUnit4Provider.execute(JUnit4Provider.java:264)
	at org.apache.maven.surefire.junit4.JUnit4Provider.executeTestSet(JUnit4Provider.java:153)
	at org.apache.maven.surefire.junit4.JUnit4Provider.invoke(JUnit4Provider.java:124)
	at org.apache.maven.surefire.booter.ForkedBooter.invokeProviderInSameClassLoader(ForkedBooter.java:200)
	at org.apache.maven.surefire.booter.ForkedBooter.runSuitesInProcess(ForkedBooter.java:153)
	at org.apache.maven.surefire.booter.ForkedBooter.main(ForkedBooter.java:103)
Caused by: java.lang.Exception: {"JBAS014671: Failed services" => {"jboss.deployment.unit.\"test.war\".PARSE" => "org.jboss.msc.service.StartException in service jboss.deployment.unit.\"test.war\".PARSE: JBAS018733: Failed to process phase PARSE of deployment \"test.war\"
    Caused by: java.lang.ArrayIndexOutOfBoundsException: 1"}}
	at org.jboss.as.controller.client.helpers.standalone.impl.ServerDeploymentPlanResultFuture.getActionResult(ServerDeploymentPlanResultFuture.java:134)
	at org.jboss.as.controller.client.helpers.standalone.impl.ServerDeploymentPlanResultFuture.getResultFromNode(ServerDeploymentPlanResultFuture.java:123)
	at org.jboss.as.controller.client.helpers.standalone.impl.ServerDeploymentPlanResultFuture.get(ServerDeploymentPlanResultFuture.java:85)
	at org.jboss.as.controller.client.helpers.standalone.impl.ServerDeploymentPlanResultFuture.get(ServerDeploymentPlanResultFuture.java:42)
	at org.jboss.as.controller.client.helpers.standalone.ServerDeploymentHelper.deploy(ServerDeploymentHelper.java:55)
	at org.jboss.as.arquillian.container.ArchiveDeployer.deployInternal(ArchiveDeployer.java:77)
	at org.jboss.as.arquillian.container.ArchiveDeployer.deployInternal(ArchiveDeployer.java:64)
	at org.jboss.as.arquillian.container.ArchiveDeployer.deploy(ArchiveDeployer.java:46)
	at org.jboss.as.arquillian.container.CommonDeployableContainer.deploy(CommonDeployableContainer.java:146)
	at org.jboss.arquillian.container.impl.client.container.ContainerDeployController$3.call(ContainerDeployController.java:161)
	at org.jboss.arquillian.container.impl.client.container.ContainerDeployController$3.call(ContainerDeployController.java:128)
	at org.jboss.arquillian.container.impl.client.container.ContainerDeployController.executeOperation(ContainerDeployController.java:271)
	at org.jboss.arquillian.container.impl.client.container.ContainerDeployController.deploy(ContainerDeployController.java:127)
	at sun.reflect.NativeMethodAccessorImpl.invoke0(Native Method)
	at sun.reflect.NativeMethodAccessorImpl.invoke(NativeMethodAccessorImpl.java:62)
	at sun.reflect.DelegatingMethodAccessorImpl.invoke(DelegatingMethodAccessorImpl.java:43)
	at java.lang.reflect.Method.invoke(Method.java:498)
	at org.jboss.arquillian.core.impl.ObserverImpl.invoke(ObserverImpl.java:94)
	at org.jboss.arquillian.core.impl.EventContextImpl.invokeObservers(EventContextImpl.java:99)
	at org.jboss.arquillian.core.impl.EventContextImpl.proceed(EventContextImpl.java:81)
	at org.jboss.arquillian.container.impl.client.ContainerDeploymentContextHandler.createDeploymentContext(ContainerDeploymentContextHandler.java:78)
	at sun.reflect.NativeMethodAccessorImpl.invoke0(Native Method)
	at sun.reflect.NativeMethodAccessorImpl.invoke(NativeMethodAccessorImpl.java:62)
	at sun.reflect.DelegatingMethodAccessorImpl.invoke(DelegatingMethodAccessorImpl.java:43)
	at java.lang.reflect.Method.invoke(Method.java:498)
	at org.jboss.arquillian.core.impl.ObserverImpl.invoke(ObserverImpl.java:94)
	at org.jboss.arquillian.core.impl.EventContextImpl.proceed(EventContextImpl.java:88)
	at org.jboss.arquillian.container.impl.client.ContainerDeploymentContextHandler.createContainerContext(ContainerDeploymentContextHandler.java:57)
	at sun.reflect.NativeMethodAccessorImpl.invoke0(Native Method)
	at sun.reflect.NativeMethodAccessorImpl.invoke(NativeMethodAccessorImpl.java:62)
	at sun.reflect.DelegatingMethodAccessorImpl.invoke(DelegatingMethodAccessorImpl.java:43)
	at java.lang.reflect.Method.invoke(Method.java:498)
	at org.jboss.arquillian.core.impl.ObserverImpl.invoke(ObserverImpl.java:94)
	at org.jboss.arquillian.core.impl.EventContextImpl.proceed(EventContextImpl.java:88)
	at org.jboss.arquillian.container.impl.client.container.DeploymentExceptionHandler.verifyExpectedExceptionDuringDeploy(DeploymentExceptionHandler.java:50)
	at sun.reflect.NativeMethodAccessorImpl.invoke0(Native Method)
	at sun.reflect.NativeMethodAccessorImpl.invoke(NativeMethodAccessorImpl.java:62)
	at sun.reflect.DelegatingMethodAccessorImpl.invoke(DelegatingMethodAccessorImpl.java:43)
	at java.lang.reflect.Method.invoke(Method.java:498)
	at org.jboss.arquillian.core.impl.ObserverImpl.invoke(ObserverImpl.java:94)
	at org.jboss.arquillian.core.impl.EventContextImpl.proceed(EventContextImpl.java:88)
	at org.jboss.arquillian.core.impl.ManagerImpl.fire(ManagerImpl.java:145)
	at org.jboss.arquillian.core.impl.ManagerImpl.fire(ManagerImpl.java:116)
	at org.jboss.arquillian.core.impl.EventImpl.fire(EventImpl.java:67)
	at org.jboss.arquillian.container.impl.client.container.ContainerDeployController$1.perform(ContainerDeployController.java:95)
	at org.jboss.arquillian.container.impl.client.container.ContainerDeployController$1.perform(ContainerDeployController.java:80)
	at org.jboss.arquillian.container.impl.client.container.ContainerDeployController.forEachDeployment(ContainerDeployController.java:263)
	at org.jboss.arquillian.container.impl.client.container.ContainerDeployController.forEachManagedDeployment(ContainerDeployController.java:239)
	at org.jboss.arquillian.container.impl.client.container.ContainerDeployController.deployManaged(ContainerDeployController.java:79)
	at sun.reflect.NativeMethodAccessorImpl.invoke0(Native Method)
	at sun.reflect.NativeMethodAccessorImpl.invoke(NativeMethodAccessorImpl.java:62)
	at sun.reflect.DelegatingMethodAccessorImpl.invoke(DelegatingMethodAccessorImpl.java:43)
	at java.lang.reflect.Method.invoke(Method.java:498)
	at org.jboss.arquillian.core.impl.ObserverImpl.invoke(ObserverImpl.java:94)
	at org.jboss.arquillian.core.impl.EventContextImpl.invokeObservers(EventContextImpl.java:99)
	at org.jboss.arquillian.core.impl.EventContextImpl.proceed(EventContextImpl.java:81)
	at org.jboss.arquillian.core.impl.ManagerImpl.fire(ManagerImpl.java:145)
	at org.jboss.arquillian.core.impl.ManagerImpl.fire(ManagerImpl.java:116)
	at org.jboss.arquillian.core.impl.EventImpl.fire(EventImpl.java:67)
	at org.jboss.arquillian.container.test.impl.client.ContainerEventController.execute(ContainerEventController.java:101)
	at sun.reflect.NativeMethodAccessorImpl.invoke0(Native Method)
	at sun.reflect.NativeMethodAccessorImpl.invoke(NativeMethodAccessorImpl.java:62)
	at sun.reflect.DelegatingMethodAccessorImpl.invoke(DelegatingMethodAccessorImpl.java:43)
	at java.lang.reflect.Method.invoke(Method.java:498)
	at org.jboss.arquillian.core.impl.ObserverImpl.invoke(ObserverImpl.java:94)
	at org.jboss.arquillian.core.impl.EventContextImpl.invokeObservers(EventContextImpl.java:99)
	at org.jboss.arquillian.core.impl.EventContextImpl.proceed(EventContextImpl.java:81)
	at org.jboss.arquillian.test.impl.TestContextHandler.createClassContext(TestContextHandler.java:92)
	at sun.reflect.NativeMethodAccessorImpl.invoke0(Native Method)
	at sun.reflect.NativeMethodAccessorImpl.invoke(NativeMethodAccessorImpl.java:62)
	at sun.reflect.DelegatingMethodAccessorImpl.invoke(DelegatingMethodAccessorImpl.java:43)
	at java.lang.reflect.Method.invoke(Method.java:498)
	at org.jboss.arquillian.core.impl.ObserverImpl.invoke(ObserverImpl.java:94)
	at org.jboss.arquillian.core.impl.EventContextImpl.proceed(EventContextImpl.java:88)
	at org.jboss.arquillian.test.impl.TestContextHandler.createSuiteContext(TestContextHandler.java:73)
	at sun.reflect.NativeMethodAccessorImpl.invoke0(Native Method)
	at sun.reflect.NativeMethodAccessorImpl.invoke(NativeMethodAccessorImpl.java:62)
	at sun.reflect.DelegatingMethodAccessorImpl.invoke(DelegatingMethodAccessorImpl.java:43)
	at java.lang.reflect.Method.invoke(Method.java:498)
	at org.jboss.arquillian.core.impl.ObserverImpl.invoke(ObserverImpl.java:94)
	at org.jboss.arquillian.core.impl.EventContextImpl.proceed(EventContextImpl.java:88)
	at org.jboss.arquillian.core.impl.ManagerImpl.fire(ManagerImpl.java:145)
	at org.jboss.arquillian.core.impl.ManagerImpl.fire(ManagerImpl.java:116)
	at org.jboss.arquillian.test.impl.EventTestRunnerAdaptor.beforeClass(EventTestRunnerAdaptor.java:87)
	at org.jboss.arquillian.junit.Arquillian$2.evaluate(Arquillian.java:201)
	at org.jboss.arquillian.junit.Arquillian.multiExecute(Arquillian.java:422)
	at org.jboss.arquillian.junit.Arquillian.access$200(Arquillian.java:54)
	at org.jboss.arquillian.junit.Arquillian$3.evaluate(Arquillian.java:218)
	at org.junit.runners.ParentRunner.run(ParentRunner.java:363)
	at org.jboss.arquillian.junit.Arquillian.run(Arquillian.java:166)
	at org.apache.maven.surefire.junit4.JUnit4Provider.execute(JUnit4Provider.java:264)
	at org.apache.maven.surefire.junit4.JUnit4Provider.executeTestSet(JUnit4Provider.java:153)
	at org.apache.maven.surefire.junit4.JUnit4Provider.invoke(JUnit4Provider.java:124)
	at org.apache.maven.surefire.booter.ForkedBooter.invokeProviderInSameClassLoader(ForkedBooter.java:200)
	at org.apache.maven.surefire.booter.ForkedBooter.runSuitesInProcess(ForkedBooter.java:153)
	at org.apache.maven.surefire.booter.ForkedBooter.main(ForkedBooter.java:103)

[0m09:05:43,590 INFO  [org.jboss.as.connector.subsystems.datasources] (MSC service thread 1-3) JBAS010409: Unbound data source [java:jboss/datasources/ExampleDS]
[0m[0m09:05:43,592 INFO  [org.wildfly.extension.undertow] (MSC service thread 1-6) JBAS017532: Host default-host stopping
[0m[0m09:05:43,593 INFO  [org.jboss.as.messaging] (MSC service thread 1-6) JBAS011605: Unbound messaging object to jndi name java:jboss/DefaultJMSConnectionFactory
[0m[0m09:05:43,598 INFO  [org.jboss.as.messaging] (ServerService Thread Pool -- 26) JBAS011605: Unbound messaging object to jndi name java:/jms/queue/ExpiryQueue4PtpAsyncMDbConsumer
[0m[0m09:05:43,598 INFO  [org.jboss.as.connector.deployment] (MSC service thread 1-8) JBAS010410: Unbound JCA ConnectionFactory [java:/JmsXA]
[0m[0m09:05:43,606 INFO  [org.jboss.as.messaging] (ServerService Thread Pool -- 3) JBAS011605: Unbound messaging object to jndi name java:jboss/exported/jms/RemoteConnectionFactory
[0m[0m09:05:43,609 INFO  [org.jboss.as.connector.deployers.jdbc] (MSC service thread 1-7) JBAS010418: Stopped Driver service with driver-name = h2
[0m[0m09:05:43,622 INFO  [org.jboss.as.messaging] (ServerService Thread Pool -- 12) JBAS011605: Unbound messaging object to jndi name java:/jms/queue/ExpiryQueue
[0m[0m09:05:43,671 INFO  [org.hornetq.ra] (ServerService Thread Pool -- 25) HQ151003: HornetQ resource adaptor stopped
[0m[0m09:05:43,784 INFO  [org.hornetq.core.server] (ServerService Thread Pool -- 25) HQ221002: HornetQ Server version 2.4.5.FINAL (Wild Hornet, 124) [75aa474b-078f-11e6-866f-87bd16c4771c] stopped
[0m[0m09:05:43,785 INFO  [org.wildfly.extension.undertow] (MSC service thread 1-7) JBAS017521: Undertow HTTP listener default suspending
[0m[0m09:05:43,790 INFO  [org.wildfly.extension.undertow] (MSC service thread 1-7) JBAS017520: Undertow HTTP listener default stopped, was bound to localhost/127.0.0.1:10880
[0m[0m09:05:43,791 INFO  [org.wildfly.extension.undertow] (MSC service thread 1-3) JBAS017506: Undertow 1.1.8.Final stopping
[0m[0m09:05:43,795 INFO  [org.jboss.as] (MSC service thread 1-4) JBAS015950: WildFly 8.2.1.Final "Tweek" stopped in 174ms
[0m
Results :

Tests in error: 
  PtpJmsTest.com.savdev.PtpJmsTest » Deployment Cannot deploy: test.war

Tests run: 1, Failures: 0, Errors: 1, Skipped: 0

[INFO] ------------------------------------------------------------------------
[INFO] BUILD FAILURE
[INFO] ------------------------------------------------------------------------
[INFO] Total time: 8.904s
[INFO] Finished at: Thu Apr 21 09:05:43 CEST 2016
[INFO] Final Memory: 36M/382M
[INFO] ------------------------------------------------------------------------
[ERROR] Failed to execute goal org.apache.maven.plugins:maven-surefire-plugin:2.17:test (default-test) on project jms2.0: There are test failures.
[ERROR] 
[ERROR] Please refer to /home/alexandr/projects/jms/jms2.0/target/surefire-reports for the individual test results.
[ERROR] -> [Help 1]
[ERROR] 
[ERROR] To see the full stack trace of the errors, re-run Maven with the -e switch.
[ERROR] Re-run Maven using the -X switch to enable full debug logging.
[ERROR] 
[ERROR] For more information about the errors and possible solutions, please read the following articles:
[ERROR] [Help 1] http://cwiki.apache.org/confluence/display/MAVEN/MojoFailureException
